#
# A fatal error has been detected by the Java Runtime Environment:
#
#  SIGSEGV (0xb) at pc=0xb51ace96, pid=31140, tid=3086736272
#
# JRE version: Java(TM) SE Runtime Environment (7.0_45-b18) (build 1.7.0_45-b18)
# Java VM: Java HotSpot(TM) Server VM (24.45-b08 mixed mode linux-x86 )
# Problematic frame:
# J  org.apache.maven.model.io.xpp3.MavenXpp3Reader.parseDependency(Lorg/codehaus/plexus/util/xml/pull/XmlPullParser;Z)Lorg/apache/maven/model/Dependency;
#
# Failed to write core dump. Core dumps have been disabled. To enable core dumping, try "ulimit -c unlimited" before starting Java again
#
# If you would like to submit a bug report, please visit:
#   http://bugreport.sun.com/bugreport/crash.jsp
#

---------------  T H R E A D  ---------------

Current thread (0x09037c00):  JavaThread "main" [_thread_in_Java, id=31155, stack(0xb7f6d000,0xb7fbe000)]

siginfo:si_signo=SIGSEGV: si_errno=0, si_code=128 (), si_addr=0x00000000

Registers:
EAX=0x00000001, EBX=0xa81f19d8, ECX=0x00540f8c, EDX=0x00000003
ESP=0xb7fbb160, EBP=0x85229c00, ESI=0x74e87990, EDI=0xa81f19c0
EIP=0xb51ace96, EFLAGS=0x00210202, CR2=0x00000008

Top of Stack: (sp=0xb7fbb160)
0xb7fbb160:   85229c00 00000000 a81f1948 00001406
0xb7fbb170:   09037c00 00000000 a81f1918 a81f1948
0xb7fbb180:   00000000 a81d98d8 a81d98e8 00000001
0xb7fbb190:   0000000a 0000000a a81f18f8 85188750
0xb7fbb1a0:   00000009 00000000 b7fbb1f0 b4f6851a
0xb7fbb1b0:   00000000 756eac40 b7fbb1f0 b4f6851a
0xb7fbb1c0:   00000000 a81d98e8 a81d98d8 a81f18c8
0xb7fbb1d0:   b7fbb1d0 75a945db b7fbb214 75a98240 

Instructions: (pc=0xb51ace96)
0xb51ace76:   9c 22 85 89 2c 24 bb 00 00 00 00 89 5c 24 04 8b
0xb51ace86:   5c 24 1c 89 5c 24 08 66 90 e8 d8 5a f7 ff 85 c0
0xb51ace96:   0f 85 88 01 00 00 8b 4c 24 24 8b 54 24 28 bd e8
0xb51acea6:   fa ec 85 89 2c 24 bb 00 00 00 00 89 5c 24 04 8b 

Register to memory mapping:

EAX=0x00000001 is an unknown value
EBX=0xa81f19d8 is an unknown value
ECX=0x00540f8c: <offset 0x1f8c> in /lib/librt.so.1 at 0x0053f000
EDX=0x00000003 is an unknown value
ESP=0xb7fbb160 is pointing into the stack for thread: 0x09037c00
EBP=0x85229c00 is an oop
java.lang.String 
 - klass: 'java/lang/String'
ESI=0x74e87990 is an oop
{instance class} 
 - klass: {other class}
EDI=0xa81f19c0 is an oop
[Ljava.util.HashMap$Entry; 
 - klass: 'java/util/HashMap$Entry'[]
 - length: 16


Stack: [0xb7f6d000,0xb7fbe000],  sp=0xb7fbb160,  free space=312k
Native frames: (J=compiled Java code, j=interpreted, Vv=VM code, C=native code)
J  org.apache.maven.model.io.xpp3.MavenXpp3Reader.parseDependency(Lorg/codehaus/plexus/util/xml/pull/XmlPullParser;Z)Lorg/apache/maven/model/Dependency;


---------------  P R O C E S S  ---------------

Java Threads: ( => current thread )
  0x71a34400 JavaThread "NonBlockingInputStreamThread" daemon [_thread_blocked, id=31176, stack(0x719af000,0x71a00000)]
  0x71a25000 JavaThread "process reaper" daemon [_thread_blocked, id=31169, stack(0x71b12000,0x71b2b000)]
  0x091cc000 JavaThread "Service Thread" daemon [_thread_blocked, id=31166, stack(0x71c83000,0x71cd4000)]
  0x091ca400 JavaThread "C2 CompilerThread1" daemon [_thread_in_native, id=31165, stack(0x71cd4000,0x71d55000)]
  0x091bf800 JavaThread "C2 CompilerThread0" daemon [_thread_in_native, id=31164, stack(0x71d55000,0x71dd6000)]
  0x091be000 JavaThread "Signal Dispatcher" daemon [_thread_blocked, id=31163, stack(0x7244f000,0x724a0000)]
  0x091aa800 JavaThread "Finalizer" daemon [_thread_blocked, id=31162, stack(0x71fd6000,0x72027000)]
  0x091a8000 JavaThread "Reference Handler" daemon [_thread_blocked, id=31161, stack(0x72027000,0x72078000)]
=>0x09037c00 JavaThread "main" [_thread_in_Java, id=31155, stack(0xb7f6d000,0xb7fbe000)]

Other Threads:
  0x091a6800 VMThread [stack: 0x72078000,0x720f9000] [id=31160]
  0x091ce000 WatcherThread [stack: 0x71c02000,0x71c83000] [id=31167]

VM state:not at safepoint (normal execution)

VM Mutex/Monitor currently owned by a thread: None

Heap
 PSYoungGen      total 70144K, used 57165K [0xa4e80000, 0xae280000, 0xb4e80000)
  eden space 67584K, 80% used [0xa4e80000,0xa83d6140,0xa9080000)
  from space 2560K, 99% used [0xa9080000,0xa92fd660,0xa9300000)
  to   space 8192K, 0% used [0xada80000,0xada80000,0xae280000)
 ParOldGen       total 43776K, used 18600K [0x84e80000, 0x87940000, 0xa4e80000)
  object space 43776K, 42% used [0x84e80000,0x860aa218,0x87940000)
 PSPermGen       total 32768K, used 12836K [0x74e80000, 0x76e80000, 0x84e80000)
  object space 32768K, 39% used [0x74e80000,0x75b09390,0x76e80000)

Card table byte_map: [0x74c7f000,0x74e80000] byte_map_base: 0x748d7c00

Polling page: 0xb7fc2000

Code Cache  [0xb4f65000, 0xb51b5000, 0xb7f65000)
 total_blobs=833 nmethods=459 adapters=328 free_code_cache=46838Kb largest_free_block=47921792

Compilation events (10 events):
Event: 6.915 Thread 0x091bf800 nmethod 466 0xb50a8388 code [0xb50a84c0, 0xb50a8790]
Event: 6.915 Thread 0x091bf800  467             java.util.LinkedHashMap$KeyIterator::next (8 bytes)
Event: 6.916 Thread 0x091bf800 nmethod 467 0xb5196e08 code [0xb5196f00, 0xb5196fd0]
Event: 6.916 Thread 0x091bf800  468             java.util.HashMap::putAll (163 bytes)
Event: 6.929 Thread 0x091bf800 nmethod 468 0xb5197748 code [0xb5197940, 0xb5198184]
Event: 6.929 Thread 0x091bf800  469             java.util.StringTokenizer::hasMoreTokens (29 bytes)
Event: 6.934 Thread 0x091bf800 nmethod 469 0xb50a7b48 code [0xb50a7c80, 0xb50a7ff0]
Event: 6.934 Thread 0x091bf800  470             org.eclipse.aether.repository.RepositoryPolicy::hashCode (49 bytes)
Event: 6.939 Thread 0x091bf800 nmethod 470 0xb5193d08 code [0xb5193e00, 0xb51940f0]
Event: 6.939 Thread 0x091bf800  471             org.codehaus.plexus.interpolation.reflection.ReflectionValueExtractor::evaluate (163 bytes)

GC Heap History (10 events):
Event: 0.787 GC heap before
{Heap before GC invocations=1 (full 0):
 PSYoungGen      total 19456K, used 16874K [0xa4e80000, 0xa6400000, 0xb4e80000)
  eden space 16896K, 99% used [0xa4e80000,0xa5efab98,0xa5f00000)
  from space 2560K, 0% used [0xa6180000,0xa6180000,0xa6400000)
  to   space 2560K, 0% used [0xa5f00000,0xa5f00000,0xa6180000)
 ParOldGen       total 43776K, used 0K [0x84e80000, 0x87940000, 0xa4e80000)
  object space 43776K, 0% used [0x84e80000,0x84e80000,0x87940000)
 PSPermGen       total 32768K, used 5422K [0x74e80000, 0x76e80000, 0x84e80000)
  object space 32768K, 16% used [0x74e80000,0x753cba78,0x76e80000)
Event: 0.798 GC heap after
Heap after GC invocations=1 (full 0):
 PSYoungGen      total 19456K, used 2557K [0xa4e80000, 0xa7480000, 0xb4e80000)
  eden space 16896K, 0% used [0xa4e80000,0xa4e80000,0xa5f00000)
  from space 2560K, 99% used [0xa5f00000,0xa617f538,0xa6180000)
  to   space 2560K, 0% used [0xa7200000,0xa7200000,0xa7480000)
 ParOldGen       total 43776K, used 2145K [0x84e80000, 0x87940000, 0xa4e80000)
  object space 43776K, 4% used [0x84e80000,0x85098468,0x87940000)
 PSPermGen       total 32768K, used 5422K [0x74e80000, 0x76e80000, 0x84e80000)
  object space 32768K, 16% used [0x74e80000,0x753cba78,0x76e80000)
}
Event: 1.523 GC heap before
{Heap before GC invocations=2 (full 0):
 PSYoungGen      total 19456K, used 19453K [0xa4e80000, 0xa7480000, 0xb4e80000)
  eden space 16896K, 100% used [0xa4e80000,0xa5f00000,0xa5f00000)
  from space 2560K, 99% used [0xa5f00000,0xa617f538,0xa6180000)
  to   space 2560K, 0% used [0xa7200000,0xa7200000,0xa7480000)
 ParOldGen       total 43776K, used 2145K [0x84e80000, 0x87940000, 0xa4e80000)
  object space 43776K, 4% used [0x84e80000,0x85098468,0x87940000)
 PSPermGen       total 32768K, used 8041K [0x74e80000, 0x76e80000, 0x84e80000)
  object space 32768K, 24% used [0x74e80000,0x7565a6b8,0x76e80000)
Event: 1.532 GC heap after
Heap after GC invocations=2 (full 0):
 PSYoungGen      total 36352K, used 2545K [0xa4e80000, 0xa7480000, 0xb4e80000)
  eden space 33792K, 0% used [0xa4e80000,0xa4e80000,0xa6f80000)
  from space 2560K, 99% used [0xa7200000,0xa747c5c8,0xa7480000)
  to   space 2560K, 0% used [0xa6f80000,0xa6f80000,0xa7200000)
 ParOldGen       total 43776K, used 5499K [0x84e80000, 0x87940000, 0xa4e80000)
  object space 43776K, 12% used [0x84e80000,0x853deef0,0x87940000)
 PSPermGen       total 32768K, used 8041K [0x74e80000, 0x76e80000, 0x84e80000)
  object space 32768K, 24% used [0x74e80000,0x7565a6b8,0x76e80000)
}
Event: 2.942 GC heap before
{Heap before GC invocations=3 (full 0):
 PSYoungGen      total 36352K, used 36337K [0xa4e80000, 0xa7480000, 0xb4e80000)
  eden space 33792K, 100% used [0xa4e80000,0xa6f80000,0xa6f80000)
  from space 2560K, 99% used [0xa7200000,0xa747c5c8,0xa7480000)
  to   space 2560K, 0% used [0xa6f80000,0xa6f80000,0xa7200000)
 ParOldGen       total 43776K, used 5499K [0x84e80000, 0x87940000, 0xa4e80000)
  object space 43776K, 12% used [0x84e80000,0x853deef0,0x87940000)
 PSPermGen       total 32768K, used 10416K [0x74e80000, 0x76e80000, 0x84e80000)
  object space 32768K, 31% used [0x74e80000,0x758ac280,0x76e80000)
Event: 2.977 GC heap after
Heap after GC invocations=3 (full 0):
 PSYoungGen      total 36352K, used 2557K [0xa4e80000, 0xa9580000, 0xb4e80000)
  eden space 33792K, 0% used [0xa4e80000,0xa4e80000,0xa6f80000)
  from space 2560K, 99% used [0xa6f80000,0xa71ff630,0xa7200000)
  to   space 2560K, 0% used [0xa9300000,0xa9300000,0xa9580000)
 ParOldGen       total 43776K, used 10249K [0x84e80000, 0x87940000, 0xa4e80000)
  object space 43776K, 23% used [0x84e80000,0x85882778,0x87940000)
 PSPermGen       total 32768K, used 10416K [0x74e80000, 0x76e80000, 0x84e80000)
  object space 32768K, 31% used [0x74e80000,0x758ac280,0x76e80000)
}
Event: 3.908 GC heap before
{Heap before GC invocations=4 (full 0):
 PSYoungGen      total 36352K, used 36349K [0xa4e80000, 0xa9580000, 0xb4e80000)
  eden space 33792K, 100% used [0xa4e80000,0xa6f80000,0xa6f80000)
  from space 2560K, 99% used [0xa6f80000,0xa71ff630,0xa7200000)
  to   space 2560K, 0% used [0xa9300000,0xa9300000,0xa9580000)
 ParOldGen       total 43776K, used 10249K [0x84e80000, 0x87940000, 0xa4e80000)
  object space 43776K, 23% used [0x84e80000,0x85882778,0x87940000)
 PSPermGen       total 32768K, used 11937K [0x74e80000, 0x76e80000, 0x84e80000)
  object space 32768K, 36% used [0x74e80000,0x75a28538,0x76e80000)
Event: 3.931 GC heap after
Heap after GC invocations=4 (full 0):
 PSYoungGen      total 70144K, used 2549K [0xa4e80000, 0xa9580000, 0xb4e80000)
  eden space 67584K, 0% used [0xa4e80000,0xa4e80000,0xa9080000)
  from space 2560K, 99% used [0xa9300000,0xa957d640,0xa9580000)
  to   space 2560K, 0% used [0xa9080000,0xa9080000,0xa9300000)
 ParOldGen       total 43776K, used 14370K [0x84e80000, 0x87940000, 0xa4e80000)
  object space 43776K, 32% used [0x84e80000,0x85c88b88,0x87940000)
 PSPermGen       total 32768K, used 11937K [0x74e80000, 0x76e80000, 0x84e80000)
  object space 32768K, 36% used [0x74e80000,0x75a28538,0x76e80000)
}
Event: 5.925 GC heap before
{Heap before GC invocations=5 (full 0):
 PSYoungGen      total 70144K, used 70133K [0xa4e80000, 0xa9580000, 0xb4e80000)
  eden space 67584K, 100% used [0xa4e80000,0xa9080000,0xa9080000)
  from space 2560K, 99% used [0xa9300000,0xa957d640,0xa9580000)
  to   space 2560K, 0% used [0xa9080000,0xa9080000,0xa9300000)
 ParOldGen       total 43776K, used 14370K [0x84e80000, 0x87940000, 0xa4e80000)
  object space 43776K, 32% used [0x84e80000,0x85c88b88,0x87940000)
 PSPermGen       total 32768K, used 12772K [0x74e80000, 0x76e80000, 0x84e80000)
  object space 32768K, 38% used [0x74e80000,0x75af9018,0x76e80000)
Event: 5.937 GC heap after
Heap after GC invocations=5 (full 0):
 PSYoungGen      total 70144K, used 2549K [0xa4e80000, 0xae280000, 0xb4e80000)
  eden space 67584K, 0% used [0xa4e80000,0xa4e80000,0xa9080000)
  from space 2560K, 99% used [0xa9080000,0xa92fd660,0xa9300000)
  to   space 8192K, 0% used [0xada80000,0xada80000,0xae280000)
 ParOldGen       total 43776K, used 18600K [0x84e80000, 0x87940000, 0xa4e80000)
  object space 43776K, 42% used [0x84e80000,0x860aa218,0x87940000)
 PSPermGen       total 32768K, used 12772K [0x74e80000, 0x76e80000, 0x84e80000)
  object space 32768K, 38% used [0x74e80000,0x75af9018,0x76e80000)
}

Deoptimization events (10 events):
Event: 4.028 Thread 0x09037c00 Uncommon trap: reason=unreached action=reinterpret pc=0xb50fd81c method=java.lang.Integer.parseInt(Ljava/lang/String;I)I @ 1
Event: 4.058 Thread 0x09037c00 Uncommon trap: reason=class_check action=maybe_recompile pc=0xb508d308 method=java.util.Properties$LineReader.readLine()I @ 402
Event: 4.103 Thread 0x09037c00 Uncommon trap: reason=class_check action=maybe_recompile pc=0xb508d308 method=java.util.Properties$LineReader.readLine()I @ 402
Event: 4.289 Thread 0x09037c00 Uncommon trap: reason=bimorphic action=maybe_recompile pc=0xb509c36c method=java.util.Arrays.binarySearch0([Ljava/lang/Object;IILjava/lang/Object;Ljava/util/Comparator;)I @ 48
Event: 4.315 Thread 0x09037c00 Uncommon trap: reason=bimorphic action=maybe_recompile pc=0xb509c36c method=java.util.Arrays.binarySearch0([Ljava/lang/Object;IILjava/lang/Object;Ljava/util/Comparator;)I @ 48
Event: 4.319 Thread 0x09037c00 Uncommon trap: reason=bimorphic action=maybe_recompile pc=0xb509c36c method=java.util.Arrays.binarySearch0([Ljava/lang/Object;IILjava/lang/Object;Ljava/util/Comparator;)I @ 48
Event: 4.383 Thread 0x09037c00 Uncommon trap: reason=bimorphic action=maybe_recompile pc=0xb509c36c method=java.util.Arrays.binarySearch0([Ljava/lang/Object;IILjava/lang/Object;Ljava/util/Comparator;)I @ 48
Event: 4.463 Thread 0x09037c00 Uncommon trap: reason=null_check action=make_not_entrant pc=0xb5111388 method=org.apache.maven.model.io.xpp3.MavenXpp3Reader.checkFieldWithDuplicate(Lorg/codehaus/plexus/util/xml/pull/XmlPullParser;Ljava/lang/String;Ljava/lang/String;Ljava/util/Set;)Z @ 2
Event: 6.207 Thread 0x09037c00 Uncommon trap: reason=array_check action=maybe_recompile pc=0xb50c0748 method=java.util.ComparableTimSort.binarySort([Ljava/lang/Object;III)V @ 215
Event: 6.925 Thread 0x09037c00 Uncommon trap: reason=array_check action=maybe_recompile pc=0xb50c0748 method=java.util.ComparableTimSort.binarySort([Ljava/lang/Object;III)V @ 215

Internal exceptions (10 events):
Event: 6.926 Thread 0x09037c00 Threw 0xa8147da0 at /HUDSON/workspace/7u-2-build-linux-i586/jdk7u45/229/hotspot/src/share/vm/prims/jvm.cpp:1244
Event: 6.926 Thread 0x09037c00 Threw 0xa8148278 at /HUDSON/workspace/7u-2-build-linux-i586/jdk7u45/229/hotspot/src/share/vm/classfile/systemDictionary.cpp:185
Event: 6.927 Thread 0x09037c00 Threw 0xa814a320 at /HUDSON/workspace/7u-2-build-linux-i586/jdk7u45/229/hotspot/src/share/vm/prims/jvm.cpp:1244
Event: 6.927 Thread 0x09037c00 Threw 0xa814ab58 at /HUDSON/workspace/7u-2-build-linux-i586/jdk7u45/229/hotspot/src/share/vm/prims/jvm.cpp:1244
Event: 6.927 Thread 0x09037c00 Threw 0xa814d8e8 at /HUDSON/workspace/7u-2-build-linux-i586/jdk7u45/229/hotspot/src/share/vm/prims/jvm.cpp:1244
Event: 6.927 Thread 0x09037c00 Threw 0xa814f7e0 at /HUDSON/workspace/7u-2-build-linux-i586/jdk7u45/229/hotspot/src/share/vm/prims/jvm.cpp:1244
Event: 6.927 Thread 0x09037c00 Threw 0xa814ffe8 at /HUDSON/workspace/7u-2-build-linux-i586/jdk7u45/229/hotspot/src/share/vm/prims/jvm.cpp:1244
Event: 6.927 Thread 0x09037c00 Threw 0xa8152d78 at /HUDSON/workspace/7u-2-build-linux-i586/jdk7u45/229/hotspot/src/share/vm/prims/jvm.cpp:1244
Event: 6.927 Thread 0x09037c00 Threw 0xa8153258 at /HUDSON/workspace/7u-2-build-linux-i586/jdk7u45/229/hotspot/src/share/vm/classfile/systemDictionary.cpp:185
Event: 6.931 Thread 0x09037c00 Implicit null exception at 0xb51ace96 to 0x00000000

Events (10 events):
Event: 6.926 loading class 0x718d0e40
Event: 6.926 loading class 0x718d0e40 done
Event: 6.926 loading class 0x718d0e40
Event: 6.926 loading class 0x718d0e40 done
Event: 6.927 loading class 0x718d0eb0
Event: 6.927 loading class 0x718d0eb0 done
Event: 6.927 loading class 0x718d0eb0
Event: 6.927 loading class 0x718d0eb0 done
Event: 6.927 loading class 0x718d0eb0
Event: 6.927 loading class 0x718d0eb0 done


Dynamic libraries:
00110000-00119000 r-xp 00000000 fd:00 426024     /lib/libnss_files-2.5.so
00119000-0011a000 r-xp 00008000 fd:00 426024     /lib/libnss_files-2.5.so
0011a000-0011b000 rwxp 00009000 fd:00 426024     /lib/libnss_files-2.5.so
0011b000-0011c000 r-xp 00000000 fd:02 105941     /tmp/libjansi-32-3514107624195291126.so
0011c000-0011d000 rwxp 00000000 fd:02 105941     /tmp/libjansi-32-3514107624195291126.so
0012e000-00141000 r-xp 00000000 fd:00 3314198    /usr/java/jdk1.7.0_45/lib/i386/jli/libjli.so
00141000-00142000 rwxp 00012000 fd:00 3314198    /usr/java/jdk1.7.0_45/lib/i386/jli/libjli.so
00153000-00161000 r-xp 00000000 fd:00 3313599    /usr/java/jdk1.7.0_45/jre/lib/i386/libnio.so
00161000-00162000 rwxp 0000e000 fd:00 3313599    /usr/java/jdk1.7.0_45/jre/lib/i386/libnio.so
00506000-0051b000 r-xp 00000000 fd:00 3313598    /usr/java/jdk1.7.0_45/jre/lib/i386/libnet.so
0051b000-0051c000 rwxp 00014000 fd:00 3313598    /usr/java/jdk1.7.0_45/jre/lib/i386/libnet.so
0053f000-00546000 r-xp 00000000 fd:00 426036     /lib/librt-2.5.so
00546000-00547000 r-xp 00006000 fd:00 426036     /lib/librt-2.5.so
00547000-00548000 rwxp 00007000 fd:00 426036     /lib/librt-2.5.so
005cd000-005f2000 r-xp 00000000 fd:00 426016     /lib/libm-2.5.so
005f2000-005f3000 r-xp 00024000 fd:00 426016     /lib/libm-2.5.so
005f3000-005f4000 rwxp 00025000 fd:00 426016     /lib/libm-2.5.so
0070f000-00710000 r-xp 0070f000 00:00 0          [vdso]
0071d000-00730000 r-xp 00000000 fd:00 426032     /lib/libpthread-2.5.so
00730000-00731000 r-xp 00012000 fd:00 426032     /lib/libpthread-2.5.so
00731000-00732000 rwxp 00013000 fd:00 426032     /lib/libpthread-2.5.so
00732000-00734000 rwxp 00732000 00:00 0 
00775000-0078c000 r-xp 00000000 fd:00 3313610    /usr/java/jdk1.7.0_45/jre/lib/i386/libzip.so
0078c000-0078d000 rwxp 00017000 fd:00 3313610    /usr/java/jdk1.7.0_45/jre/lib/i386/libzip.so
009b4000-009bf000 r-xp 00000000 fd:00 3313609    /usr/java/jdk1.7.0_45/jre/lib/i386/libverify.so
009bf000-009c0000 rwxp 0000b000 fd:00 3313609    /usr/java/jdk1.7.0_45/jre/lib/i386/libverify.so
00bbe000-00be1000 r-xp 00000000 fd:00 3313577    /usr/java/jdk1.7.0_45/jre/lib/i386/libjava.so
00be1000-00be2000 rwxp 00022000 fd:00 3313577    /usr/java/jdk1.7.0_45/jre/lib/i386/libjava.so
00c01000-00c1b000 r-xp 00000000 fd:00 426001     /lib/ld-2.5.so
00c1b000-00c1c000 r-xp 00019000 fd:00 426001     /lib/ld-2.5.so
00c1c000-00c1d000 rwxp 0001a000 fd:00 426001     /lib/ld-2.5.so
00c9d000-00c9f000 r-xp 00000000 fd:00 426014     /lib/libdl-2.5.so
00c9f000-00ca0000 r-xp 00001000 fd:00 426014     /lib/libdl-2.5.so
00ca0000-00ca1000 rwxp 00002000 fd:00 426014     /lib/libdl-2.5.so
00e31000-00f6f000 r-xp 00000000 fd:00 426008     /lib/libc-2.5.so
00f6f000-00f71000 r-xp 0013e000 fd:00 426008     /lib/libc-2.5.so
00f71000-00f72000 rwxp 00140000 fd:00 426008     /lib/libc-2.5.so
00f72000-00f75000 rwxp 00f72000 00:00 0 
00f75000-017ec000 r-xp 00000000 fd:00 3313614    /usr/java/jdk1.7.0_45/jre/lib/i386/server/libjvm.so
017ec000-01851000 rwxp 00876000 fd:00 3313614    /usr/java/jdk1.7.0_45/jre/lib/i386/server/libjvm.so
01851000-01c73000 rwxp 01851000 00:00 0 
08048000-08049000 r-xp 00000000 fd:00 3313278    /usr/java/jdk1.7.0_45/bin/java
08049000-0804a000 rwxp 00000000 fd:00 3313278    /usr/java/jdk1.7.0_45/bin/java
09030000-0a3ab000 rwxp 09030000 00:00 0          [heap]
70700000-707f4000 rwxp 70700000 00:00 0 
707f4000-70800000 --xp 707f4000 00:00 0 
70a00000-70b00000 rwxp 70a00000 00:00 0 
70c00000-70cff000 rwxp 70c00000 00:00 0 
70cff000-70d00000 --xp 70cff000 00:00 0 
70e00000-70ec7000 rwxp 70e00000 00:00 0 
70ec7000-70f00000 --xp 70ec7000 00:00 0 
71000000-71100000 rwxp 71000000 00:00 0 
71100000-711fd000 rwxp 71100000 00:00 0 
711fd000-71200000 --xp 711fd000 00:00 0 
71300000-713fc000 rwxp 71300000 00:00 0 
713fc000-71400000 --xp 713fc000 00:00 0 
71400000-714e6000 rwxp 71400000 00:00 0 
714e6000-71500000 --xp 714e6000 00:00 0 
71500000-716ed000 rwxp 71500000 00:00 0 
716ed000-71700000 --xp 716ed000 00:00 0 
71700000-71752000 rwxp 71700000 00:00 0 
71752000-71800000 --xp 71752000 00:00 0 
71800000-71900000 rwxp 71800000 00:00 0 
71948000-7194a000 r-xs 00000000 fd:00 1671218    /home/glassfish/.grails/wrapper/2.3.4/grails-2.3.4/lib/aopalliance/aopalliance/jars/aopalliance-1.0.jar
7194a000-7194d000 r-xs 00006000 fd:00 2064634    /home/glassfish/.grails/wrapper/2.3.4/grails-2.3.4/lib/com.google.code.findbugs/jsr305/jars/jsr305-1.3.9.jar
7194d000-7194e000 r-xs 00000000 fd:00 3445975    /home/glassfish/.grails/wrapper/2.3.4/grails-2.3.4/lib/javax.inject/javax.inject/jars/javax.inject-1.jar
7194e000-7194f000 r-xs 00001000 fd:00 3445963    /home/glassfish/.grails/wrapper/2.3.4/grails-2.3.4/lib/javax.annotation/jsr250-api/jars/jsr250-api-1.0.jar
7194f000-71955000 r-xs 00033000 fd:00 3218120    /home/glassfish/.grails/wrapper/2.3.4/grails-2.3.4/lib/commons-codec/commons-codec/jars/commons-codec-1.6.jar
71955000-7195b000 r-xs 00032000 fd:00 3446045    /home/glassfish/.grails/wrapper/2.3.4/grails-2.3.4/lib/org.apache.httpcomponents/httpcore/jars/httpcore-4.2.4.jar
7195b000-7195d000 r-xs 0000a000 fd:00 3446133    /home/glassfish/.grails/wrapper/2.3.4/grails-2.3.4/lib/org.codehaus.plexus/plexus-classworlds/jars/plexus-classworlds-2.4.jar
7195d000-71963000 r-xs 00042000 fd:00 3473753    /home/glassfish/.grails/wrapper/2.3.4/grails-2.3.4/lib/org.eclipse.sisu/org.eclipse.sisu.inject/jars/org.eclipse.sisu.inject-0.0.0.M5.jar
71963000-7196b000 r-xs 00050000 fd:00 3473840    /home/glassfish/.grails/wrapper/2.3.4/grails-2.3.4/lib/org.sonatype.sisu/sisu-guice/jars/sisu-guice-3.1.0-no_aop.jar
7196b000-71989000 r-xs 00151000 fd:00 2064655    /home/glassfish/.grails/wrapper/2.3.4/grails-2.3.4/lib/com.google.guava/guava/jars/guava-10.0.1.jar
71989000-7198c000 r-xs 00008000 fd:00 3445969    /home/glassfish/.grails/wrapper/2.3.4/grails-2.3.4/lib/javax.enterprise/cdi-api/jars/cdi-api-1.0.jar
7198c000-7198d000 r-xs 00006000 fd:00 3473835    /home/glassfish/.grails/wrapper/2.3.4/grails-2.3.4/lib/org.sonatype.plexus/plexus-sec-dispatcher/jars/plexus-sec-dispatcher-1.3.jar
7198d000-7198f000 r-xs 00009000 fd:00 3446071    /home/glassfish/.grails/wrapper/2.3.4/grails-2.3.4/lib/org.apache.maven/maven-settings/jars/maven-settings-3.1.1.jar
7198f000-71992000 r-xs 0000d000 fd:00 3446143    /home/glassfish/.grails/wrapper/2.3.4/grails-2.3.4/lib/org.codehaus.plexus/plexus-interpolation/jars/plexus-interpolation-1.19.jar
71992000-71996000 r-xs 00037000 fd:00 3446148    /home/glassfish/.grails/wrapper/2.3.4/grails-2.3.4/lib/org.codehaus.plexus/plexus-utils/jars/plexus-utils-3.0.15.jar
71996000-71998000 r-xs 00000000 fd:00 3446138    /home/glassfish/.grails/wrapper/2.3.4/grails-2.3.4/lib/org.codehaus.plexus/plexus-component-annotations/jars/plexus-component-annotations-1.5.5.jar
71998000-7199a000 r-xs 00005000 fd:00 3446066    /home/glassfish/.grails/wrapper/2.3.4/grails-2.3.4/lib/org.apache.maven/maven-repository-metadata/jars/maven-repository-metadata-3.1.1.jar
7199a000-7199e000 r-xs 00023000 fd:00 3446061    /home/glassfish/.grails/wrapper/2.3.4/grails-2.3.4/lib/org.apache.maven/maven-model-builder/jars/maven-model-builder-3.1.1.jar
7199e000-719a0000 r-xs 00024000 fd:00 3446056    /home/glassfish/.grails/wrapper/2.3.4/grails-2.3.4/lib/org.apache.maven/maven-model/jars/maven-model-3.1.1.jar
719a0000-719a9000 r-xs 00061000 fd:00 3446040    /home/glassfish/.grails/wrapper/2.3.4/grails-2.3.4/lib/org.apache.httpcomponents/httpclient/jars/httpclient-4.2.5.jar
719a9000-719af000 r-xs 0002a000 fd:00 3473758    /home/glassfish/.grails/wrapper/2.3.4/grails-2.3.4/lib/org.eclipse.sisu/org.eclipse.sisu.plexus/jars/org.eclipse.sisu.plexus-0.0.0.M5.jar
719af000-719b2000 --xp 719af000 00:00 0 
719b2000-71b00000 rwxp 719b2000 00:00 0 
71b00000-71b02000 r-xs 00002000 fd:00 3473830    /home/glassfish/.grails/wrapper/2.3.4/grails-2.3.4/lib/org.sonatype.plexus/plexus-cipher/jars/plexus-cipher-1.4.jar
71b02000-71b04000 r-xs 00006000 fd:00 3473732    /home/glassfish/.grails/wrapper/2.3.4/grails-2.3.4/lib/org.eclipse.aether/aether-spi/jars/aether-spi-0.9.0.M3.jar
71b04000-71b05000 r-xs 00002000 fd:00 3473824    /home/glassfish/.grails/wrapper/2.3.4/grails-2.3.4/lib/org.slf4j/slf4j-simple/jars/slf4j-simple-1.7.5.jar
71b05000-71b08000 r-xs 00008000 fd:00 3446076    /home/glassfish/.grails/wrapper/2.3.4/grails-2.3.4/lib/org.apache.maven/maven-settings-builder/jars/maven-settings-builder-3.1.1.jar
71b08000-71b0a000 r-xs 0000d000 fd:00 3446051    /home/glassfish/.grails/wrapper/2.3.4/grails-2.3.4/lib/org.apache.maven/maven-aether-provider/jars/maven-aether-provider-3.1.1.jar
71b0a000-71b0c000 r-xs 00001000 fd:00 3473737    /home/glassfish/.grails/wrapper/2.3.4/grails-2.3.4/lib/org.eclipse.aether/aether-transport-file/jars/aether-transport-file-0.9.0.M3.jar
71b0c000-71b0e000 r-xs 00005000 fd:00 3473722    /home/glassfish/.grails/wrapper/2.3.4/grails-2.3.4/lib/org.eclipse.aether/aether-connector-file/jars/aether-connector-file-0.9.0.M2.jar
71b0e000-71b12000 r-xs 00025000 fd:00 3473727    /home/glassfish/.grails/wrapper/2.3.4/grails-2.3.4/lib/org.eclipse.aether/aether-impl/jars/aether-impl-0.9.0.M3.jar
71b12000-71b15000 --xp 71b12000 00:00 0 
71b15000-71b2b000 rwxp 71b15000 00:00 0 
71b2b000-71b2f000 r-xs 0008a000 fd:00 3313705    /usr/java/jdk1.7.0_45/jre/lib/jsse.jar
71b2f000-71b9a000 r-xs 00e19000 fd:00 3286908    /usr/java/jdk1.7.0_45/lib/tools.jar
71b9a000-71b9f000 r-xs 00050000 fd:00 3446115    /home/glassfish/.grails/wrapper/2.3.4/grails-2.3.4/lib/org.codehaus.gant/gant_groovy1.8/jars/gant_groovy1.8-1.9.6.jar
71b9f000-71c02000 r-xs 005b3000 fd:00 1835657    /home/glassfish/.grails/wrapper/2.3.4/grails-2.3.4/lib/org.codehaus.groovy/groovy-all/jars/groovy-all-2.1.9.jar
71c02000-71c03000 --xp 71c02000 00:00 0 
71c03000-71c83000 rwxp 71c03000 00:00 0 
71c83000-71c86000 --xp 71c83000 00:00 0 
71c86000-71cd4000 rwxp 71c86000 00:00 0 
71cd4000-71cd7000 --xp 71cd4000 00:00 0 
71cd7000-71d55000 rwxp 71cd7000 00:00 0 
71d55000-71d58000 --xp 71d55000 00:00 0 
71d58000-71dd6000 rwxp 71d58000 00:00 0 
71dd6000-71fd6000 r-xp 00000000 fd:00 168391     /usr/lib/locale/locale-archive
71fd6000-71fd9000 --xp 71fd6000 00:00 0 
71fd9000-72027000 rwxp 71fd9000 00:00 0 
72027000-7202a000 --xp 72027000 00:00 0 
7202a000-72078000 rwxp 7202a000 00:00 0 
72078000-72079000 --xp 72078000 00:00 0 
72079000-72144000 rwxp 72079000 00:00 0 
72144000-72300000 r-xs 039b2000 fd:00 3315200    /usr/java/jdk1.7.0_45/jre/lib/rt.jar
72300000-723f7000 rwxp 72300000 00:00 0 
723f7000-72400000 --xp 723f7000 00:00 0 
72400000-72404000 r-xs 0001f000 fd:00 3473747    /home/glassfish/.grails/wrapper/2.3.4/grails-2.3.4/lib/org.eclipse.aether/aether-util/jars/aether-util-0.9.0.M3.jar
72404000-72408000 r-xs 0001d000 fd:00 3473657    /home/glassfish/.grails/wrapper/2.3.4/grails-2.3.4/lib/org.eclipse.aether/aether-api/jars/aether-api-0.9.0.M3.jar
72408000-7240a000 r-xs 00003000 fd:00 3473809    /home/glassfish/.grails/wrapper/2.3.4/grails-2.3.4/lib/org.slf4j/jcl-over-slf4j/jars/jcl-over-slf4j-1.7.5.jar
7240a000-7240c000 r-xs 00005000 fd:00 3473819    /home/glassfish/.grails/wrapper/2.3.4/grails-2.3.4/lib/org.slf4j/slf4j-api/jars/slf4j-api-1.7.5.jar
7240c000-7240f000 r-xs 0001f000 fd:00 3279787    /home/glassfish/.grails/wrapper/2.3.4/grails-2.3.4/dist/grails-aether-2.3.4.jar
7240f000-72411000 r-xs 00001000 fd:00 3313518    /usr/java/jdk1.7.0_45/jre/lib/ext/dnsns.jar
72411000-7242f000 r-xs 001bd000 fd:00 3446024    /home/glassfish/.grails/wrapper/2.3.4/grails-2.3.4/lib/org.apache.ant/ant/jars/ant-1.8.4.jar
7242f000-72444000 r-xs 00116000 fd:00 2261621    /home/glassfish/.grails/wrapper/2.3.4/grails-2.3.4/lib/org.apache.ivy/ivy/jars/ivy-2.3.0.jar
72444000-72446000 r-xs 00009000 fd:00 3218108    /home/glassfish/.grails/wrapper/2.3.4/grails-2.3.4/lib/commons-cli/commons-cli/jars/commons-cli-1.2.jar
72446000-7244a000 r-xs 000dc000 fd:00 2164255    /home/glassfish/.grails/wrapper/2.3.4/grails-2.3.4/lib/net.java.dev.jna/jna/jars/jna-4.0.0.jar
7244a000-7244c000 r-xs 0001a000 fd:00 3473762    /home/glassfish/.grails/wrapper/2.3.4/grails-2.3.4/lib/org.fusesource.jansi/jansi/jars/jansi-1.11.jar
7244c000-7244f000 r-xs 00030000 fd:00 3446005    /home/glassfish/.grails/wrapper/2.3.4/grails-2.3.4/lib/jline/jline/jars/jline-2.11.jar
7244f000-72452000 --xp 7244f000 00:00 0 
72452000-748fb000 rwxp 72452000 00:00 0 
748fb000-748fc000 --xp 748fb000 00:00 0 
748fc000-7497c000 rwxp 748fc000 00:00 0 
7497c000-7497d000 --xp 7497c000 00:00 0 
7497d000-749fd000 rwxp 7497d000 00:00 0 
749fd000-749fe000 --xp 749fd000 00:00 0 
749fe000-74a7e000 rwxp 749fe000 00:00 0 
74a7e000-74a7f000 --xp 74a7e000 00:00 0 
74a7f000-74b0f000 rwxp 74a7f000 00:00 0 
74b0f000-74b7f000 rwxp 74b0f000 00:00 0 
74b7f000-74b95000 rwxp 74b7f000 00:00 0 
74b95000-74c7f000 rwxp 74b95000 00:00 0 
74c7f000-74c8f000 rwxp 74c7f000 00:00 0 
74c8f000-74cff000 rwxp 74c8f000 00:00 0 
74cff000-74d15000 rwxp 74cff000 00:00 0 
74d15000-74dff000 rwxp 74d15000 00:00 0 
74dff000-74e49000 rwxp 74dff000 00:00 0 
74e49000-74e7f000 rwxp 74e49000 00:00 0 
74e7f000-76e80000 rwxp 74e7f000 00:00 0 
76e80000-84e80000 rwxp 76e80000 00:00 0 
84e80000-87940000 rwxp 84e80000 00:00 0 
87940000-a4e80000 rwxp 87940000 00:00 0 
a4e80000-ae280000 rwxp a4e80000 00:00 0 
ae280000-b4e80000 rwxp ae280000 00:00 0 
b4e80000-b4e81000 r-xs 00007000 fd:00 3473742    /home/glassfish/.grails/wrapper/2.3.4/grails-2.3.4/lib/org.eclipse.aether/aether-transport-http/jars/aether-transport-http-0.9.0.M3.jar
b4e81000-b4e8d000 r-xs 000c4000 fd:00 3282251    /home/glassfish/.grails/wrapper/2.3.4/grails-2.3.4/dist/grails-bootstrap-2.3.4.jar
b4e8d000-b4eaf000 rwxp b4e8d000 00:00 0 
b4eaf000-b4f65000 rwxp b4eaf000 00:00 0 
b4f65000-b51b5000 rwxp b4f65000 00:00 0 
b51b5000-b7f65000 rw-p b51b5000 00:00 0 
b7f65000-b7f6d000 rw-s 00000000 fd:02 491536     /tmp/hsperfdata_glassfish/31140
b7f6d000-b7f70000 ---p b7f6d000 00:00 0 
b7f70000-b7fbf000 rw-p b7f70000 00:00 0 
b7fbf000-b7fc0000 r--s 00007000 fd:00 3473717    /home/glassfish/.grails/wrapper/2.3.4/grails-2.3.4/lib/org.eclipse.aether/aether-connector-basic/jars/aether-connector-basic-0.9.0.M3.jar
b7fc0000-b7fc1000 r--s 00001000 fd:00 2065766    /home/glassfish/.hudson/jobs/metridoc-grails-build/workspace/metridoc-grails-illiad/wrapper/grails-wrapper-runtime-2.3.4.jar
b7fc1000-b7fc2000 rw-p b7fc1000 00:00 0 
b7fc2000-b7fc3000 r--p b7fc2000 00:00 0 
b7fc3000-b7fc4000 rw-p b7fc3000 00:00 0 
bffd5000-bffea000 rw-p bffea000 00:00 0          [stack]

VM Arguments:
jvm_args: -Xmx768M -Xms64M -XX:PermSize=32m -XX:MaxPermSize=256m -Dfile.encoding=UTF-8 -Dgrails.home=/home/glassfish/.hudson/jobs/metridoc-grails-build/workspace -Dtools.jar=/usr/java/default/lib/tools.jar -Djava.net.preferIPv4Stack=true 
java_command: org.grails.wrapper.GrailsWrapper --main org.grails.wrapper.GrailsWrapper --conf /home/glassfish/.hudson/jobs/metridoc-grails-build/workspace/conf/groovy-starter.conf --classpath   set-version 0.7.12
Launcher Type: SUN_STANDARD

Environment Variables:
JAVA_HOME=/usr/java/default
PATH=/usr/java/default/bin:/usr/java/default/bin:/home/glassfish/.metridoc/cli/install/mdoc/bin:/home/glassfish/.metridoc/cli/install/metridoc-job-cli/build/install/mdoc/bin:/home/glassfish/applications/grails/bin:/home/glassfish/applications/maven/bin:/home/glassfish/applications/groovy:/home/glassfish/.gvm/vertx/current/bin:/home/glassfish/.gvm/springboot/current/bin:/home/glassfish/.gvm/lazybones/current/bin:/home/glassfish/.gvm/groovyserv/current/bin:/home/glassfish/.gvm/groovy/current/bin:/home/glassfish/.gvm/griffon/current/bin:/home/glassfish/.gvm/grails/current/bin:/home/glassfish/.gvm/gradle/current/bin:/home/glassfish/.gvm/gaiden/current/bin:/home/glassfish/.metridoc/cli/install/mdoc/bin:/home/glassfish/.metridoc/cli/install/metridoc-job-cli/build/install/mdoc/bin:/usr/kerberos/bin:/usr/local/bin:/bin:/usr/bin:/usr/local/glassfish/bin:/home/glassfish/bin
SHELL=/bin/bash

Signal Handlers:
SIGSEGV: [libjvm.so+0x7dd350], sa_mask[0]=0x7ffbfeff, sa_flags=0x10000004
SIGBUS: [libjvm.so+0x7dd350], sa_mask[0]=0x7ffbfeff, sa_flags=0x10000004
SIGFPE: [libjvm.so+0x678b60], sa_mask[0]=0x7ffbfeff, sa_flags=0x10000004
SIGPIPE: [libjvm.so+0x678b60], sa_mask[0]=0x7ffbfeff, sa_flags=0x10000004
SIGXFSZ: [libjvm.so+0x678b60], sa_mask[0]=0x7ffbfeff, sa_flags=0x10000004
SIGILL: [libjvm.so+0x678b60], sa_mask[0]=0x7ffbfeff, sa_flags=0x10000004
SIGUSR1: SIG_DFL, sa_mask[0]=0x00000000, sa_flags=0x00000000
SIGUSR2: [libjvm.so+0x67a050], sa_mask[0]=0x00000004, sa_flags=0x10000004
SIGHUP: [libjvm.so+0x67b1a0], sa_mask[0]=0x7ffbfeff, sa_flags=0x10000004
SIGINT: [libjvm.so+0x67b1a0], sa_mask[0]=0x7ffbfeff, sa_flags=0x10000004
SIGTERM: [libjvm.so+0x67b1a0], sa_mask[0]=0x7ffbfeff, sa_flags=0x10000004
SIGQUIT: [libjvm.so+0x67b1a0], sa_mask[0]=0x7ffbfeff, sa_flags=0x10000004


---------------  S Y S T E M  ---------------

OS:Red Hat Enterprise Linux Server release 5.3 (Tikanga)

uname:Linux 2.6.18-128.2.1.el5 #1 SMP Wed Jul 8 11:54:54 EDT 2009 i686
libc:glibc 2.5 NPTL 2.5 
rlimit: STACK 10240k, CORE 0k, NPROC infinity, NOFILE 1024, AS infinity
load average:2.88 2.64 2.13

/proc/meminfo:
MemTotal:      2075508 kB
MemFree:       1047324 kB
Buffers:         27744 kB
Cached:         180932 kB
SwapCached:     546036 kB
Active:         716864 kB
Inactive:       215620 kB
HighTotal:     1179584 kB
HighFree:       348336 kB
LowTotal:       895924 kB
LowFree:        698988 kB
SwapTotal:     2031608 kB
SwapFree:      1325540 kB
Dirty:            3636 kB
Writeback:           0 kB
AnonPages:      718640 kB
Mapped:          17068 kB
Slab:            78752 kB
PageTables:       2172 kB
NFS_Unstable:        0 kB
Bounce:              0 kB
CommitLimit:   3069360 kB
Committed_AS:  1327036 kB
VmallocTotal:   114680 kB
VmallocUsed:      4776 kB
VmallocChunk:   109420 kB
HugePages_Total:     0
HugePages_Free:      0
HugePages_Rsvd:      0
Hugepagesize:     4096 kB


CPU:total 4 (1 cores per cpu, 1 threads per core) family 6 model 44 stepping 2, cmov, cx8, fxsr, mmx, sse, sse2, sse3, ssse3, sse4.1, sse4.2, popcnt, aes, tsc, tscinvbit, tscinv

/proc/cpuinfo:
processor	: 0
vendor_id	: GenuineIntel
cpu family	: 6
model		: 44
model name	: Intel(R) Xeon(R) CPU           X5650  @ 2.67GHz
stepping	: 2
cpu MHz		: 2659.460
cache size	: 12288 KB
fdiv_bug	: no
hlt_bug		: no
f00f_bug	: no
coma_bug	: no
fpu		: yes
fpu_exception	: yes
cpuid level	: 11
wp		: yes
flags		: fpu vme de pse tsc msr pae mce cx8 apic mtrr pge mca cmov pat pse36 clflush dts acpi mmx fxsr sse sse2 ss nx rdtscp lm constant_tsc ida nonstop_tsc pni cx16 popcnt lahf_lm [8]
bogomips	: 5330.74

processor	: 1
vendor_id	: GenuineIntel
cpu family	: 6
model		: 44
model name	: Intel(R) Xeon(R) CPU           X5650  @ 2.67GHz
stepping	: 2
cpu MHz		: 2659.460
cache size	: 12288 KB
fdiv_bug	: no
hlt_bug		: no
f00f_bug	: no
coma_bug	: no
fpu		: yes
fpu_exception	: yes
cpuid level	: 11
wp		: yes
flags		: fpu vme de pse tsc msr pae mce cx8 apic mtrr pge mca cmov pat pse36 clflush dts acpi mmx fxsr sse sse2 ss nx rdtscp lm constant_tsc ida nonstop_tsc pni cx16 popcnt lahf_lm [8]
bogomips	: 5321.92

processor	: 2
vendor_id	: GenuineIntel
cpu family	: 6
model		: 44
model name	: Intel(R) Xeon(R) CPU           X5650  @ 2.67GHz
stepping	: 2
cpu MHz		: 2659.460
cache size	: 12288 KB
fdiv_bug	: no
hlt_bug		: no
f00f_bug	: no
coma_bug	: no
fpu		: yes
fpu_exception	: yes
cpuid level	: 11
wp		: yes
flags		: fpu vme de pse tsc msr pae mce cx8 apic mtrr pge mca cmov pat pse36 clflush dts acpi mmx fxsr sse sse2 ss nx rdtscp lm constant_tsc ida nonstop_tsc pni cx16 popcnt lahf_lm [8]
bogomips	: 5320.80

processor	: 3
vendor_id	: GenuineIntel
cpu family	: 6
model		: 44
model name	: Intel(R) Xeon(R) CPU           X5650  @ 2.67GHz
stepping	: 2
cpu MHz		: 2659.460
cache size	: 12288 KB
fdiv_bug	: no
hlt_bug		: no
f00f_bug	: no
coma_bug	: no
fpu		: yes
fpu_exception	: yes
cpuid level	: 11
wp		: yes
flags		: fpu vme de pse tsc msr pae mce cx8 apic mtrr pge mca cmov pat pse36 clflush dts acpi mmx fxsr sse sse2 ss nx rdtscp lm constant_tsc ida nonstop_tsc pni cx16 popcnt lahf_lm [8]
bogomips	: 5321.21



Memory: 4k page, physical 2075508k(1047324k free), swap 2031608k(1325540k free)

vm_info: Java HotSpot(TM) Server VM (24.45-b08) for linux-x86 JRE (1.7.0_45-b18), built on Oct  8 2013 05:44:51 by "java_re" with gcc 4.3.0 20080428 (Red Hat 4.3.0-8)

time: Thu Feb  6 17:46:10 2014
elapsed time: 7 seconds

